
stack:     file format elf64-x86-64


Disassembly of section .init:

0000000000001000 <_init>:
    1000:	f3 0f 1e fa          	endbr64 
    1004:	48 83 ec 08          	sub    $0x8,%rsp
    1008:	48 8b 05 d9 2f 00 00 	mov    0x2fd9(%rip),%rax        # 3fe8 <__gmon_start__>
    100f:	48 85 c0             	test   %rax,%rax
    1012:	74 02                	je     1016 <_init+0x16>
    1014:	ff d0                	callq  *%rax
    1016:	48 83 c4 08          	add    $0x8,%rsp
    101a:	c3                   	retq   

Disassembly of section .plt:

0000000000001020 <.plt>:
    1020:	ff 35 9a 2f 00 00    	pushq  0x2f9a(%rip)        # 3fc0 <_GLOBAL_OFFSET_TABLE_+0x8>
    1026:	f2 ff 25 9b 2f 00 00 	bnd jmpq *0x2f9b(%rip)        # 3fc8 <_GLOBAL_OFFSET_TABLE_+0x10>
    102d:	0f 1f 00             	nopl   (%rax)
    1030:	f3 0f 1e fa          	endbr64 
    1034:	68 00 00 00 00       	pushq  $0x0
    1039:	f2 e9 e1 ff ff ff    	bnd jmpq 1020 <.plt>
    103f:	90                   	nop

Disassembly of section .plt.got:

0000000000001040 <__cxa_finalize@plt>:
    1040:	f3 0f 1e fa          	endbr64 
    1044:	f2 ff 25 ad 2f 00 00 	bnd jmpq *0x2fad(%rip)        # 3ff8 <__cxa_finalize@GLIBC_2.2.5>
    104b:	0f 1f 44 00 00       	nopl   0x0(%rax,%rax,1)

Disassembly of section .plt.sec:

0000000000001050 <malloc@plt>:
    1050:	f3 0f 1e fa          	endbr64 
    1054:	f2 ff 25 75 2f 00 00 	bnd jmpq *0x2f75(%rip)        # 3fd0 <malloc@GLIBC_2.2.5>
    105b:	0f 1f 44 00 00       	nopl   0x0(%rax,%rax,1)

Disassembly of section .text:

0000000000001060 <_start>:
    1060:	f3 0f 1e fa          	endbr64 
    1064:	31 ed                	xor    %ebp,%ebp
    1066:	49 89 d1             	mov    %rdx,%r9
    1069:	5e                   	pop    %rsi
    106a:	48 89 e2             	mov    %rsp,%rdx
    106d:	48 83 e4 f0          	and    $0xfffffffffffffff0,%rsp
    1071:	50                   	push   %rax
    1072:	54                   	push   %rsp
    1073:	4c 8d 05 a6 02 00 00 	lea    0x2a6(%rip),%r8        # 1320 <__libc_csu_fini>
    107a:	48 8d 0d 2f 02 00 00 	lea    0x22f(%rip),%rcx        # 12b0 <__libc_csu_init>
    1081:	48 8d 3d 8b 01 00 00 	lea    0x18b(%rip),%rdi        # 1213 <main>
    1088:	ff 15 52 2f 00 00    	callq  *0x2f52(%rip)        # 3fe0 <__libc_start_main@GLIBC_2.2.5>
    108e:	f4                   	hlt    
    108f:	90                   	nop

0000000000001090 <deregister_tm_clones>:
    1090:	48 8d 3d 79 2f 00 00 	lea    0x2f79(%rip),%rdi        # 4010 <__TMC_END__>
    1097:	48 8d 05 72 2f 00 00 	lea    0x2f72(%rip),%rax        # 4010 <__TMC_END__>
    109e:	48 39 f8             	cmp    %rdi,%rax
    10a1:	74 15                	je     10b8 <deregister_tm_clones+0x28>
    10a3:	48 8b 05 2e 2f 00 00 	mov    0x2f2e(%rip),%rax        # 3fd8 <_ITM_deregisterTMCloneTable>
    10aa:	48 85 c0             	test   %rax,%rax
    10ad:	74 09                	je     10b8 <deregister_tm_clones+0x28>
    10af:	ff e0                	jmpq   *%rax
    10b1:	0f 1f 80 00 00 00 00 	nopl   0x0(%rax)
    10b8:	c3                   	retq   
    10b9:	0f 1f 80 00 00 00 00 	nopl   0x0(%rax)

00000000000010c0 <register_tm_clones>:
    10c0:	48 8d 3d 49 2f 00 00 	lea    0x2f49(%rip),%rdi        # 4010 <__TMC_END__>
    10c7:	48 8d 35 42 2f 00 00 	lea    0x2f42(%rip),%rsi        # 4010 <__TMC_END__>
    10ce:	48 29 fe             	sub    %rdi,%rsi
    10d1:	48 89 f0             	mov    %rsi,%rax
    10d4:	48 c1 ee 3f          	shr    $0x3f,%rsi
    10d8:	48 c1 f8 03          	sar    $0x3,%rax
    10dc:	48 01 c6             	add    %rax,%rsi
    10df:	48 d1 fe             	sar    %rsi
    10e2:	74 14                	je     10f8 <register_tm_clones+0x38>
    10e4:	48 8b 05 05 2f 00 00 	mov    0x2f05(%rip),%rax        # 3ff0 <_ITM_registerTMCloneTable>
    10eb:	48 85 c0             	test   %rax,%rax
    10ee:	74 08                	je     10f8 <register_tm_clones+0x38>
    10f0:	ff e0                	jmpq   *%rax
    10f2:	66 0f 1f 44 00 00    	nopw   0x0(%rax,%rax,1)
    10f8:	c3                   	retq   
    10f9:	0f 1f 80 00 00 00 00 	nopl   0x0(%rax)

0000000000001100 <__do_global_dtors_aux>:
    1100:	f3 0f 1e fa          	endbr64 
    1104:	80 3d 05 2f 00 00 00 	cmpb   $0x0,0x2f05(%rip)        # 4010 <__TMC_END__>
    110b:	75 2b                	jne    1138 <__do_global_dtors_aux+0x38>
    110d:	55                   	push   %rbp
    110e:	48 83 3d e2 2e 00 00 	cmpq   $0x0,0x2ee2(%rip)        # 3ff8 <__cxa_finalize@GLIBC_2.2.5>
    1115:	00 
    1116:	48 89 e5             	mov    %rsp,%rbp
    1119:	74 0c                	je     1127 <__do_global_dtors_aux+0x27>
    111b:	48 8b 3d e6 2e 00 00 	mov    0x2ee6(%rip),%rdi        # 4008 <__dso_handle>
    1122:	e8 19 ff ff ff       	callq  1040 <__cxa_finalize@plt>
    1127:	e8 64 ff ff ff       	callq  1090 <deregister_tm_clones>
    112c:	c6 05 dd 2e 00 00 01 	movb   $0x1,0x2edd(%rip)        # 4010 <__TMC_END__>
    1133:	5d                   	pop    %rbp
    1134:	c3                   	retq   
    1135:	0f 1f 00             	nopl   (%rax)
    1138:	c3                   	retq   
    1139:	0f 1f 80 00 00 00 00 	nopl   0x0(%rax)

0000000000001140 <frame_dummy>:
    1140:	f3 0f 1e fa          	endbr64 
    1144:	e9 77 ff ff ff       	jmpq   10c0 <register_tm_clones>

0000000000001149 <push>:
    1149:	f3 0f 1e fa          	endbr64 
    114d:	55                   	push   %rbp
    114e:	48 89 e5             	mov    %rsp,%rbp
    1151:	89 7d fc             	mov    %edi,-0x4(%rbp)
    1154:	8b 05 c2 2e 00 00    	mov    0x2ec2(%rip),%eax        # 401c <top>
    115a:	83 c0 01             	add    $0x1,%eax
    115d:	89 05 b9 2e 00 00    	mov    %eax,0x2eb9(%rip)        # 401c <top>
    1163:	8b 05 b3 2e 00 00    	mov    0x2eb3(%rip),%eax        # 401c <top>
    1169:	89 05 ad 2e 00 00    	mov    %eax,0x2ead(%rip)        # 401c <top>
    116f:	48 8b 05 aa 2e 00 00 	mov    0x2eaa(%rip),%rax        # 4020 <stack>
    1176:	8b 15 a0 2e 00 00    	mov    0x2ea0(%rip),%edx        # 401c <top>
    117c:	48 63 d2             	movslq %edx,%rdx
    117f:	48 c1 e2 02          	shl    $0x2,%rdx
    1183:	48 01 c2             	add    %rax,%rdx
    1186:	8b 45 fc             	mov    -0x4(%rbp),%eax
    1189:	89 02                	mov    %eax,(%rdx)
    118b:	90                   	nop
    118c:	5d                   	pop    %rbp
    118d:	c3                   	retq   

000000000000118e <pop>:
    118e:	f3 0f 1e fa          	endbr64 
    1192:	55                   	push   %rbp
    1193:	48 89 e5             	mov    %rsp,%rbp
    1196:	8b 05 80 2e 00 00    	mov    0x2e80(%rip),%eax        # 401c <top>
    119c:	83 e8 01             	sub    $0x1,%eax
    119f:	89 05 77 2e 00 00    	mov    %eax,0x2e77(%rip)        # 401c <top>
    11a5:	8b 05 71 2e 00 00    	mov    0x2e71(%rip),%eax        # 401c <top>
    11ab:	89 05 6b 2e 00 00    	mov    %eax,0x2e6b(%rip)        # 401c <top>
    11b1:	90                   	nop
    11b2:	5d                   	pop    %rbp
    11b3:	c3                   	retq   

00000000000011b4 <queuepush>:
    11b4:	f3 0f 1e fa          	endbr64 
    11b8:	55                   	push   %rbp
    11b9:	48 89 e5             	mov    %rsp,%rbp
    11bc:	89 7d fc             	mov    %edi,-0x4(%rbp)
    11bf:	48 8b 05 5a 2e 00 00 	mov    0x2e5a(%rip),%rax        # 4020 <stack>
    11c6:	8b 15 50 2e 00 00    	mov    0x2e50(%rip),%edx        # 401c <top>
    11cc:	48 63 d2             	movslq %edx,%rdx
    11cf:	48 c1 e2 02          	shl    $0x2,%rdx
    11d3:	48 01 c2             	add    %rax,%rdx
    11d6:	8b 45 fc             	mov    -0x4(%rbp),%eax
    11d9:	89 02                	mov    %eax,(%rdx)
    11db:	8b 05 3b 2e 00 00    	mov    0x2e3b(%rip),%eax        # 401c <top>
    11e1:	83 e8 01             	sub    $0x1,%eax
    11e4:	89 05 32 2e 00 00    	mov    %eax,0x2e32(%rip)        # 401c <top>
    11ea:	8b 05 2c 2e 00 00    	mov    0x2e2c(%rip),%eax        # 401c <top>
    11f0:	89 05 26 2e 00 00    	mov    %eax,0x2e26(%rip)        # 401c <top>
    11f6:	90                   	nop
    11f7:	5d                   	pop    %rbp
    11f8:	c3                   	retq   

00000000000011f9 <queuepop>:
    11f9:	f3 0f 1e fa          	endbr64 
    11fd:	55                   	push   %rbp
    11fe:	48 89 e5             	mov    %rsp,%rbp
    1201:	8b 05 21 2e 00 00    	mov    0x2e21(%rip),%eax        # 4028 <first>
    1207:	83 e8 01             	sub    $0x1,%eax
    120a:	89 05 18 2e 00 00    	mov    %eax,0x2e18(%rip)        # 4028 <first>
    1210:	90                   	nop
    1211:	5d                   	pop    %rbp
    1212:	c3                   	retq   

0000000000001213 <main>:
    1213:	f3 0f 1e fa          	endbr64 
    1217:	55                   	push   %rbp
    1218:	48 89 e5             	mov    %rsp,%rbp
    121b:	48 83 ec 10          	sub    $0x10,%rsp
    121f:	c7 05 ef 2d 00 00 05 	movl   $0x5,0x2def(%rip)        # 4018 <n>
    1226:	00 00 00 
    1229:	8b 05 e9 2d 00 00    	mov    0x2de9(%rip),%eax        # 4018 <n>
    122f:	48 98                	cltq   
    1231:	48 c1 e0 02          	shl    $0x2,%rax
    1235:	48 89 c7             	mov    %rax,%rdi
    1238:	e8 13 fe ff ff       	callq  1050 <malloc@plt>
    123d:	48 89 05 dc 2d 00 00 	mov    %rax,0x2ddc(%rip)        # 4020 <stack>
    1244:	c7 05 ce 2d 00 00 ff 	movl   $0xffffffff,0x2dce(%rip)        # 401c <top>
    124b:	ff ff ff 
    124e:	c7 05 d0 2d 00 00 ff 	movl   $0xffffffff,0x2dd0(%rip)        # 4028 <first>
    1255:	ff ff ff 
    1258:	48 8b 05 c1 2d 00 00 	mov    0x2dc1(%rip),%rax        # 4020 <stack>
    125f:	8b 15 b7 2d 00 00    	mov    0x2db7(%rip),%edx        # 401c <top>
    1265:	48 63 d2             	movslq %edx,%rdx
    1268:	48 c1 e2 02          	shl    $0x2,%rdx
    126c:	48 01 d0             	add    %rdx,%rax
    126f:	c7 00 05 00 00 00    	movl   $0x5,(%rax)
    1275:	48 8b 05 a4 2d 00 00 	mov    0x2da4(%rip),%rax        # 4020 <stack>
    127c:	8b 15 9a 2d 00 00    	mov    0x2d9a(%rip),%edx        # 401c <top>
    1282:	48 63 d2             	movslq %edx,%rdx
    1285:	48 c1 e2 02          	shl    $0x2,%rdx
    1289:	48 83 ea 04          	sub    $0x4,%rdx
    128d:	48 01 d0             	add    %rdx,%rax
    1290:	c7 00 f4 01 00 00    	movl   $0x1f4,(%rax)
    1296:	c7 45 fc ff ff ff ff 	movl   $0xffffffff,-0x4(%rbp)
    129d:	eb 04                	jmp    12a3 <main+0x90>
    129f:	83 6d fc 01          	subl   $0x1,-0x4(%rbp)
    12a3:	83 7d fc fb          	cmpl   $0xfffffffb,-0x4(%rbp)
    12a7:	7d f6                	jge    129f <main+0x8c>
    12a9:	b8 00 00 00 00       	mov    $0x0,%eax
    12ae:	c9                   	leaveq 
    12af:	c3                   	retq   

00000000000012b0 <__libc_csu_init>:
    12b0:	f3 0f 1e fa          	endbr64 
    12b4:	41 57                	push   %r15
    12b6:	4c 8d 3d fb 2a 00 00 	lea    0x2afb(%rip),%r15        # 3db8 <__frame_dummy_init_array_entry>
    12bd:	41 56                	push   %r14
    12bf:	49 89 d6             	mov    %rdx,%r14
    12c2:	41 55                	push   %r13
    12c4:	49 89 f5             	mov    %rsi,%r13
    12c7:	41 54                	push   %r12
    12c9:	41 89 fc             	mov    %edi,%r12d
    12cc:	55                   	push   %rbp
    12cd:	48 8d 2d ec 2a 00 00 	lea    0x2aec(%rip),%rbp        # 3dc0 <__do_global_dtors_aux_fini_array_entry>
    12d4:	53                   	push   %rbx
    12d5:	4c 29 fd             	sub    %r15,%rbp
    12d8:	48 83 ec 08          	sub    $0x8,%rsp
    12dc:	e8 1f fd ff ff       	callq  1000 <_init>
    12e1:	48 c1 fd 03          	sar    $0x3,%rbp
    12e5:	74 1f                	je     1306 <__libc_csu_init+0x56>
    12e7:	31 db                	xor    %ebx,%ebx
    12e9:	0f 1f 80 00 00 00 00 	nopl   0x0(%rax)
    12f0:	4c 89 f2             	mov    %r14,%rdx
    12f3:	4c 89 ee             	mov    %r13,%rsi
    12f6:	44 89 e7             	mov    %r12d,%edi
    12f9:	41 ff 14 df          	callq  *(%r15,%rbx,8)
    12fd:	48 83 c3 01          	add    $0x1,%rbx
    1301:	48 39 dd             	cmp    %rbx,%rbp
    1304:	75 ea                	jne    12f0 <__libc_csu_init+0x40>
    1306:	48 83 c4 08          	add    $0x8,%rsp
    130a:	5b                   	pop    %rbx
    130b:	5d                   	pop    %rbp
    130c:	41 5c                	pop    %r12
    130e:	41 5d                	pop    %r13
    1310:	41 5e                	pop    %r14
    1312:	41 5f                	pop    %r15
    1314:	c3                   	retq   
    1315:	66 66 2e 0f 1f 84 00 	data16 nopw %cs:0x0(%rax,%rax,1)
    131c:	00 00 00 00 

0000000000001320 <__libc_csu_fini>:
    1320:	f3 0f 1e fa          	endbr64 
    1324:	c3                   	retq   

Disassembly of section .fini:

0000000000001328 <_fini>:
    1328:	f3 0f 1e fa          	endbr64 
    132c:	48 83 ec 08          	sub    $0x8,%rsp
    1330:	48 83 c4 08          	add    $0x8,%rsp
    1334:	c3                   	retq   
